<?xml version="1.0" encoding="UTF-8"?>
<testsuite name="AccountServiceTest" tests="1" skipped="0" failures="0" errors="0" timestamp="2023-02-10T08:22:57" hostname="kronos-Olympos" time="14.629">
  <properties/>
  <testcase name="start" classname="AccountServiceTest" time="14.629"/>
  <system-out><![CDATA[?[1;31m
Start test 1?[0m
?[0;34m
?[0m?[0;34m  .   ____          _            __ _ _
?[0m?[0;34m /\\ / ___'_ __ _ _(_)_ __  __ _ \ \ \ \
?[0m?[0;34m( ( )\___ | '_ | '_| | '_ \/ _` | \ \ \ \
?[0m?[0;34m \\/  ___)| |_)| | | | | || (_| |  ) ) ) )
?[0m?[0;34m  '  |____| .__|_| |_|_| |_\__, | / / / /
?[0m?[0;34m =========|_|==============|___/=/_/_/_/
?[0m?[0;34m :: Spring Boot ::        (v2.3.1.RELEASE)
?[0m?[0;34m
?[0m?[0;34m2023-02-10 09:22:58.037  INFO 121412 --- [    Test worker] account.AccountServiceApplication        : Starting AccountServiceApplication on kronos-Olympos with PID 121412 (started by kronos in /home/kronos/IdeaProjects/Account Service/Account Service/task)
?[0m?[0;34m2023-02-10 09:22:58.039  INFO 121412 --- [    Test worker] account.AccountServiceApplication        : No active profile set, falling back to default profiles: default
?[0m?[0;34m2023-02-10 09:22:58.534  INFO 121412 --- [    Test worker] .s.d.r.c.RepositoryConfigurationDelegate : Bootstrapping Spring Data JPA repositories in DEFERRED mode.
?[0m?[0;34m2023-02-10 09:22:58.564  INFO 121412 --- [    Test worker] .s.d.r.c.RepositoryConfigurationDelegate : Finished Spring Data repository scanning in 26ms. Found 1 JPA repository interfaces.
?[0m?[0;34m2023-02-10 09:22:58.900  INFO 121412 --- [    Test worker] o.s.b.w.embedded.tomcat.TomcatWebServer  : Tomcat initialized with port(s): 28852 (http)
?[0m?[0;34m2023-02-10 09:22:58.906  INFO 121412 --- [    Test worker] o.apache.catalina.core.StandardService   : Starting service [Tomcat]
?[0m?[0;34m2023-02-10 09:22:58.906  INFO 121412 --- [    Test worker] org.apache.catalina.core.StandardEngine  : Starting Servlet engine: [Apache Tomcat/9.0.36]
?[0m?[0;34m2023-02-10 09:22:58.952  INFO 121412 --- [    Test worker] o.a.c.c.C.[Tomcat].[localhost].[/]       : Initializing Spring embedded WebApplicationContext
?[0m?[0;34m2023-02-10 09:22:58.953  INFO 121412 --- [    Test worker] w.s.c.ServletWebServerApplicationContext : Root WebApplicationContext: initialization completed in 892 ms
?[0m?[0;34m2023-02-10 09:22:59.031  INFO 121412 --- [    Test worker] com.zaxxer.hikari.HikariDataSource       : HikariPool-1 - Starting...
?[0m?[0;34m2023-02-10 09:22:59.132  INFO 121412 --- [    Test worker] com.zaxxer.hikari.HikariDataSource       : HikariPool-1 - Start completed.
?[0m?[0;34m2023-02-10 09:22:59.137  INFO 121412 --- [    Test worker] o.s.b.a.h2.H2ConsoleAutoConfiguration    : H2 console available at '/h2-console'. Database available at 'jdbc:h2:file:../service_db'
?[0m?[0;34m2023-02-10 09:22:59.223  INFO 121412 --- [    Test worker] o.s.s.concurrent.ThreadPoolTaskExecutor  : Initializing ExecutorService 'applicationTaskExecutor'
?[0;34m2023-02-10 09:22:59.248  INFO 121412 --- [         task-1] o.hibernate.jpa.internal.util.LogHelper  : HHH000204: Processing PersistenceUnitInfo [name: default]
?[0m?[0;34m2023-02-10 09:22:59.263  WARN 121412 --- [    Test worker] JpaBaseConfiguration$JpaWebConfiguration : spring.jpa.open-in-view is enabled by default. Therefore, database queries may be performed during view rendering. Explicitly configure spring.jpa.open-in-view to disable this warning
?[0m?[0;34m2023-02-10 09:22:59.274  INFO 121412 --- [         task-1] org.hibernate.Version                    : HHH000412: Hibernate ORM core version 5.4.17.Final
?[0m?[0;34m2023-02-10 09:22:59.349  INFO 121412 --- [         task-1] o.hibernate.annotations.common.Version   : HCANN000001: Hibernate Commons Annotations {5.1.0.Final}
?[0m?[0;34m2023-02-10 09:22:59.377  INFO 121412 --- [    Test worker] o.s.s.web.DefaultSecurityFilterChain     : Creating filter chain: any request, [org.springframework.security.web.context.request.async.WebAsyncManagerIntegrationFilter@4756e5cc, org.springframework.security.web.context.SecurityContextPersistenceFilter@60652518, org.springframework.security.web.header.HeaderWriterFilter@4b3ad7ca, org.springframework.security.web.authentication.logout.LogoutFilter@8851ec, org.springframework.security.web.authentication.www.BasicAuthenticationFilter@455cbf18, org.springframework.security.web.savedrequest.RequestCacheAwareFilter@3f06ebe0, org.springframework.security.web.servletapi.SecurityContextHolderAwareRequestFilter@297bd171, org.springframework.security.web.authentication.AnonymousAuthenticationFilter@2e349cf2, org.springframework.security.web.session.SessionManagementFilter@30798137, org.springframework.security.web.access.ExceptionTranslationFilter@64ec1459, org.springframework.security.web.access.intercept.FilterSecurityInterceptor@1cc708a7]
?[0m?[0;34m2023-02-10 09:22:59.425  INFO 121412 --- [         task-1] org.hibernate.dialect.Dialect            : HHH000400: Using dialect: org.hibernate.dialect.H2Dialect
?[0m?[0;34m2023-02-10 09:22:59.816  INFO 121412 --- [         task-1] o.h.e.t.j.p.i.JtaPlatformInitiator       : HHH000490: Using JtaPlatform implementation: [org.hibernate.engine.transaction.jta.platform.internal.NoJtaPlatform]
?[0m?[0;34m2023-02-10 09:22:59.820  INFO 121412 --- [         task-1] j.LocalContainerEntityManagerFactoryBean : Initialized JPA EntityManagerFactory for persistence unit 'default'
?[0m?[0;34m2023-02-10 09:22:59.880  INFO 121412 --- [    Test worker] o.s.b.a.e.web.EndpointLinksResolver      : Exposing 14 endpoint(s) beneath base path '/actuator'
?[0m?[0;34m2023-02-10 09:22:59.918  INFO 121412 --- [    Test worker] o.s.b.w.embedded.tomcat.TomcatWebServer  : Tomcat started on port(s): 28852 (http) with context path ''
?[0m?[0;34m2023-02-10 09:22:59.919  INFO 121412 --- [    Test worker] DeferredRepositoryInitializationListener : Triggering deferred initialization of Spring Data repositoriesâ€¦
?[0m?[0;34m2023-02-10 09:23:00.121  INFO 121412 --- [    Test worker] DeferredRepositoryInitializationListener : Spring Data repositories initialized!
?[0m?[0;34m2023-02-10 09:23:00.130  INFO 121412 --- [    Test worker] account.AccountServiceApplication        : Started AccountServiceApplication in 2.256 seconds (JVM running for 2.714)
?[0;34m2023-02-10 09:23:00.314  INFO 121412 --- [io-28852-exec-1] o.a.c.c.C.[Tomcat].[localhost].[/]       : Initializing Spring DispatcherServlet 'dispatcherServlet'
?[0m?[0;34m2023-02-10 09:23:00.314  INFO 121412 --- [io-28852-exec-1] o.s.web.servlet.DispatcherServlet        : Initializing Servlet 'dispatcherServlet'
?[0m?[0;34m2023-02-10 09:23:00.319  INFO 121412 --- [io-28852-exec-1] o.s.web.servlet.DispatcherServlet        : Completed initialization in 5 ms
?[0m?[1;31m
Start test 2?[0m
?[1;31m
Start test 3?[0m
?[1;31m
Start test 4?[0m
?[1;31m
Start test 5?[0m
?[1;31m
Start test 6?[0m
?[1;31m
Start test 7?[0m
?[1;31m
Start test 8?[0m
?[0;34m2023-02-10 09:23:00.724  WARN 121412 --- [o-28852-exec-10] .w.s.m.s.DefaultHandlerExceptionResolver : Resolved [org.springframework.web.bind.MethodArgumentNotValidException: Validation failed for argument [0] in public account.Models.UserResponse account.Controllers.AuthController.signUp(account.Models.UserRequest): [Field error in object 'userRequest' on field 'name': rejected value []; codes [NotEmpty.userRequest.name,NotEmpty.name,NotEmpty.java.lang.String,NotEmpty]; arguments [org.springframework.context.support.DefaultMessageSourceResolvable: codes [userRequest.name,name]; arguments []; default message [name]]; default message [must not be empty]] ]
?[1;31m
Start test 9?[0m
?[0m?[0;34m2023-02-10 09:23:00.732  WARN 121412 --- [io-28852-exec-1] .w.s.m.s.DefaultHandlerExceptionResolver : Resolved [org.springframework.web.bind.MethodArgumentNotValidException: Validation failed for argument [0] in public account.Models.UserResponse account.Controllers.AuthController.signUp(account.Models.UserRequest) with 2 errors: [Field error in object 'userRequest' on field 'name': rejected value [null]; codes [NotNull.userRequest.name,NotNull.name,NotNull.java.lang.String,NotNull]; arguments [org.springframework.context.support.DefaultMessageSourceResolvable: codes [userRequest.name,name]; arguments []; default message [name]]; default message [must not be null]] [Field error in object 'userRequest' on field 'name': rejected value [null]; codes [NotEmpty.userRequest.name,NotEmpty.name,NotEmpty.java.lang.String,NotEmpty]; arguments [org.springframework.context.support.DefaultMessageSourceResolvable: codes [userRequest.name,name]; arguments []; default message [name]]; default message [must not be empty]] ]
?[1;31m
Start test 10?[0m
?[0;34m2023-02-10 09:23:00.740  WARN 121412 --- [io-28852-exec-2] .w.s.m.s.DefaultHandlerExceptionResolver : Resolved [org.springframework.web.bind.MethodArgumentNotValidException: Validation failed for argument [0] in public account.Models.UserResponse account.Controllers.AuthController.signUp(account.Models.UserRequest): [Field error in object 'userRequest' on field 'lastname': rejected value []; codes [NotEmpty.userRequest.lastname,NotEmpty.lastname,NotEmpty.java.lang.String,NotEmpty]; arguments [org.springframework.context.support.DefaultMessageSourceResolvable: codes [userRequest.lastname,lastname]; arguments []; default message [lastname]]; default message [must not be empty]] ]
?[1;31m
Start test 11?[0m
?[0;34m2023-02-10 09:23:00.749  WARN 121412 --- [io-28852-exec-3] .w.s.m.s.DefaultHandlerExceptionResolver : Resolved [org.springframework.web.bind.MethodArgumentNotValidException: Validation failed for argument [0] in public account.Models.UserResponse account.Controllers.AuthController.signUp(account.Models.UserRequest) with 2 errors: [Field error in object 'userRequest' on field 'lastname': rejected value [null]; codes [NotNull.userRequest.lastname,NotNull.lastname,NotNull.java.lang.String,NotNull]; arguments [org.springframework.context.support.DefaultMessageSourceResolvable: codes [userRequest.lastname,lastname]; arguments []; default message [lastname]]; default message [must not be null]] [Field error in object 'userRequest' on field 'lastname': rejected value [null]; codes [NotEmpty.userRequest.lastname,NotEmpty.lastname,NotEmpty.java.lang.String,NotEmpty]; arguments [org.springframework.context.support.DefaultMessageSourceResolvable: codes [userRequest.lastname,lastname]; arguments []; default message [lastname]]; default message [must not be empty]] ]
?[1;31m
Start test 12?[0m
?[0;34m2023-02-10 09:23:00.758  WARN 121412 --- [io-28852-exec-4] .w.s.m.s.DefaultHandlerExceptionResolver : Resolved [org.springframework.web.bind.MethodArgumentNotValidException: Validation failed for argument [0] in public account.Models.UserResponse account.Controllers.AuthController.signUp(account.Models.UserRequest) with 2 errors: [Field error in object 'userRequest' on field 'email': rejected value []; codes [NotEmpty.userRequest.email,NotEmpty.email,NotEmpty.java.lang.String,NotEmpty]; arguments [org.springframework.context.support.DefaultMessageSourceResolvable: codes [userRequest.email,email]; arguments []; default message [email]]; default message [must not be empty]] [Field error in object 'userRequest' on field 'email': rejected value []; codes [Pattern.userRequest.email,Pattern.email,Pattern.java.lang.String,Pattern]; arguments [org.springframework.context.support.DefaultMessageSourceResolvable: codes [userRequest.email,email]; arguments []; default message [email],[Ljavax.validation.constraints.Pattern$Flag;@68e42c18,^.*?\b@acme.com.*?]; default message [must match "^.*?\b@acme.com.*?"]] ]
?[1;31m
Start test 13?[0m
?[0;34m2023-02-10 09:23:00.766  WARN 121412 --- [io-28852-exec-5] .w.s.m.s.DefaultHandlerExceptionResolver : Resolved [org.springframework.web.bind.MethodArgumentNotValidException: Validation failed for argument [0] in public account.Models.UserResponse account.Controllers.AuthController.signUp(account.Models.UserRequest) with 2 errors: [Field error in object 'userRequest' on field 'lastname': rejected value [null]; codes [NotNull.userRequest.lastname,NotNull.lastname,NotNull.java.lang.String,NotNull]; arguments [org.springframework.context.support.DefaultMessageSourceResolvable: codes [userRequest.lastname,lastname]; arguments []; default message [lastname]]; default message [must not be null]] [Field error in object 'userRequest' on field 'lastname': rejected value [null]; codes [NotEmpty.userRequest.lastname,NotEmpty.lastname,NotEmpty.java.lang.String,NotEmpty]; arguments [org.springframework.context.support.DefaultMessageSourceResolvable: codes [userRequest.lastname,lastname]; arguments []; default message [lastname]]; default message [must not be empty]] ]
?[1;31m
Start test 14?[0m
?[0;34m2023-02-10 09:23:00.775  WARN 121412 --- [io-28852-exec-6] .w.s.m.s.DefaultHandlerExceptionResolver : Resolved [org.springframework.web.bind.MethodArgumentNotValidException: Validation failed for argument [0] in public account.Models.UserResponse account.Controllers.AuthController.signUp(account.Models.UserRequest): [Field error in object 'userRequest' on field 'password': rejected value []; codes [NotEmpty.userRequest.password,NotEmpty.password,NotEmpty.java.lang.String,NotEmpty]; arguments [org.springframework.context.support.DefaultMessageSourceResolvable: codes [userRequest.password,password]; arguments []; default message [password]]; default message [must not be empty]] ]
?[1;31m
Start test 15?[0m
?[0;34m2023-02-10 09:23:00.783  WARN 121412 --- [io-28852-exec-8] .w.s.m.s.DefaultHandlerExceptionResolver : Resolved [org.springframework.web.bind.MethodArgumentNotValidException: Validation failed for argument [0] in public account.Models.UserResponse account.Controllers.AuthController.signUp(account.Models.UserRequest) with 2 errors: [Field error in object 'userRequest' on field 'password': rejected value [null]; codes [NotEmpty.userRequest.password,NotEmpty.password,NotEmpty.java.lang.String,NotEmpty]; arguments [org.springframework.context.support.DefaultMessageSourceResolvable: codes [userRequest.password,password]; arguments []; default message [password]]; default message [must not be empty]] [Field error in object 'userRequest' on field 'password': rejected value [null]; codes [NotNull.userRequest.password,NotNull.password,NotNull.java.lang.String,NotNull]; arguments [org.springframework.context.support.DefaultMessageSourceResolvable: codes [userRequest.password,password]; arguments []; default message [password]]; default message [must not be null]] ]
?[1;31m
Start test 16?[0m
?[0;34m2023-02-10 09:23:00.793  WARN 121412 --- [io-28852-exec-7] .w.s.m.s.DefaultHandlerExceptionResolver : Resolved [org.springframework.web.bind.MethodArgumentNotValidException: Validation failed for argument [0] in public account.Models.UserResponse account.Controllers.AuthController.signUp(account.Models.UserRequest) with 2 errors: [Field error in object 'userRequest' on field 'email': rejected value [johndoeacme.com]; codes [Email.userRequest.email,Email.email,Email.java.lang.String,Email]; arguments [org.springframework.context.support.DefaultMessageSourceResolvable: codes [userRequest.email,email]; arguments []; default message [email],[Ljavax.validation.constraints.Pattern$Flag;@12eb600f,.*]; default message [must be a well-formed email address]] [Field error in object 'userRequest' on field 'email': rejected value [johndoeacme.com]; codes [Pattern.userRequest.email,Pattern.email,Pattern.java.lang.String,Pattern]; arguments [org.springframework.context.support.DefaultMessageSourceResolvable: codes [userRequest.email,email]; arguments []; default message [email],[Ljavax.validation.constraints.Pattern$Flag;@68e42c18,^.*?\b@acme.com.*?]; default message [must match "^.*?\b@acme.com.*?"]] ]
?[1;31m
Start test 17?[0m
?[0;34m2023-02-10 09:23:00.803  WARN 121412 --- [io-28852-exec-9] .w.s.m.s.DefaultHandlerExceptionResolver : Resolved [org.springframework.web.bind.MethodArgumentNotValidException: Validation failed for argument [0] in public account.Models.UserResponse account.Controllers.AuthController.signUp(account.Models.UserRequest): [Field error in object 'userRequest' on field 'email': rejected value [johndoe@google.com]; codes [Pattern.userRequest.email,Pattern.email,Pattern.java.lang.String,Pattern]; arguments [org.springframework.context.support.DefaultMessageSourceResolvable: codes [userRequest.email,email]; arguments []; default message [email],[Ljavax.validation.constraints.Pattern$Flag;@68e42c18,^.*?\b@acme.com.*?]; default message [must match "^.*?\b@acme.com.*?"]] ]
?[1;31m
Start test 18?[0m
?[1;31m
Start test 19?[0m
?[1;31m
Start test 20?[0m
?[1;31m
Start test 21?[0m
?[1;31m
Start test 22?[0m
?[1;31m
Start test 23?[0m
?[1;31m
Start test 24?[0m
?[1;31m
Start test 25?[0m
?[1;31m
Start test 26?[0m
?[1;31m
Start test 27?[0m
?[1;31m
Start test 28?[0m
?[0;34m2023-02-10 09:23:02.208  INFO 121412 --- [     Thread-336] j.LocalContainerEntityManagerFactoryBean : Closing JPA EntityManagerFactory for persistence unit 'default'
?[0m?[0;34m2023-02-10 09:23:02.210  INFO 121412 --- [     Thread-336] o.s.s.concurrent.ThreadPoolTaskExecutor  : Shutting down ExecutorService 'applicationTaskExecutor'
?[0m?[0;34m2023-02-10 09:23:02.211  INFO 121412 --- [     Thread-336] com.zaxxer.hikari.HikariDataSource       : HikariPool-1 - Shutdown initiated...
?[0m?[0;34m2023-02-10 09:23:02.221  INFO 121412 --- [     Thread-336] com.zaxxer.hikari.HikariDataSource       : HikariPool-1 - Shutdown completed.
?[0;34m
?[0m?[0;34m  .   ____          _            __ _ _
?[0m?[0;34m /\\ / ___'_ __ _ _(_)_ __  __ _ \ \ \ \
?[0m?[0;34m( ( )\___ | '_ | '_| | '_ \/ _` | \ \ \ \
?[0m?[0;34m \\/  ___)| |_)| | | | | || (_| |  ) ) ) )
?[0m?[0;34m  '  |____| .__|_| |_|_| |_\__, | / / / /
?[0m?[0;34m =========|_|==============|___/=/_/_/_/
?[0m?[0;34m :: Spring Boot ::        (v2.3.1.RELEASE)
?[0m?[0;34m
?[0m?[0;34m2023-02-10 09:23:11.724  INFO 121412 --- [    Test worker] account.AccountServiceApplication        : Starting AccountServiceApplication on kronos-Olympos with PID 121412 (started by kronos in /home/kronos/IdeaProjects/Account Service/Account Service/task)
?[0m?[0;34m2023-02-10 09:23:11.724  INFO 121412 --- [    Test worker] account.AccountServiceApplication        : No active profile set, falling back to default profiles: default
?[0m?[0;34m2023-02-10 09:23:11.886  INFO 121412 --- [    Test worker] .s.d.r.c.RepositoryConfigurationDelegate : Bootstrapping Spring Data JPA repositories in DEFERRED mode.
?[0m?[0;34m2023-02-10 09:23:11.889  INFO 121412 --- [    Test worker] .s.d.r.c.RepositoryConfigurationDelegate : Finished Spring Data repository scanning in 3ms. Found 1 JPA repository interfaces.
?[0m?[0;34m2023-02-10 09:23:11.930  INFO 121412 --- [    Test worker] o.s.b.w.embedded.tomcat.TomcatWebServer  : Tomcat initialized with port(s): 28852 (http)
?[0m?[0;34m2023-02-10 09:23:11.931  INFO 121412 --- [    Test worker] o.apache.catalina.core.StandardService   : Starting service [Tomcat]
?[0m?[0;34m2023-02-10 09:23:11.931  INFO 121412 --- [    Test worker] org.apache.catalina.core.StandardEngine  : Starting Servlet engine: [Apache Tomcat/9.0.36]
?[0m?[0;34m2023-02-10 09:23:11.942  INFO 121412 --- [    Test worker] o.a.c.c.C.[Tomcat].[localhost].[/]       : Initializing Spring embedded WebApplicationContext
?[0m?[0;34m2023-02-10 09:23:11.943  INFO 121412 --- [    Test worker] w.s.c.ServletWebServerApplicationContext : Root WebApplicationContext: initialization completed in 218 ms
?[0m?[0;34m2023-02-10 09:23:11.981  INFO 121412 --- [    Test worker] com.zaxxer.hikari.HikariDataSource       : HikariPool-2 - Starting...
?[0m?[0;34m2023-02-10 09:23:11.986  INFO 121412 --- [    Test worker] com.zaxxer.hikari.HikariDataSource       : HikariPool-2 - Start completed.
?[0m?[0;34m2023-02-10 09:23:11.986  INFO 121412 --- [    Test worker] o.s.b.a.h2.H2ConsoleAutoConfiguration    : H2 console available at '/h2-console'. Database available at 'jdbc:h2:file:../service_db'
?[0m?[0;34m2023-02-10 09:23:12.009  INFO 121412 --- [    Test worker] o.s.s.concurrent.ThreadPoolTaskExecutor  : Initializing ExecutorService 'applicationTaskExecutor'
?[0;34m2023-02-10 09:23:12.011  INFO 121412 --- [         task-1] o.hibernate.jpa.internal.util.LogHelper  : HHH000204: Processing PersistenceUnitInfo [name: default]
?[0m?[0;34m2023-02-10 09:23:12.014  INFO 121412 --- [         task-1] org.hibernate.dialect.Dialect            : HHH000400: Using dialect: org.hibernate.dialect.H2Dialect
?[0m?[0;34m2023-02-10 09:23:12.021  WARN 121412 --- [    Test worker] JpaBaseConfiguration$JpaWebConfiguration : spring.jpa.open-in-view is enabled by default. Therefore, database queries may be performed during view rendering. Explicitly configure spring.jpa.open-in-view to disable this warning
?[0m?[0;34m2023-02-10 09:23:12.038  INFO 121412 --- [    Test worker] o.s.s.web.DefaultSecurityFilterChain     : Creating filter chain: any request, [org.springframework.security.web.context.request.async.WebAsyncManagerIntegrationFilter@3aa8c337, org.springframework.security.web.context.SecurityContextPersistenceFilter@33214124, org.springframework.security.web.header.HeaderWriterFilter@19b3d3a4, org.springframework.security.web.authentication.logout.LogoutFilter@2ba0b95f, org.springframework.security.web.authentication.www.BasicAuthenticationFilter@3dc7c5fd, org.springframework.security.web.savedrequest.RequestCacheAwareFilter@2d3768ce, org.springframework.security.web.servletapi.SecurityContextHolderAwareRequestFilter@2a9ea03f, org.springframework.security.web.authentication.AnonymousAuthenticationFilter@78e7b83, org.springframework.security.web.session.SessionManagementFilter@3a9040f0, org.springframework.security.web.access.ExceptionTranslationFilter@31f5ffb9, org.springframework.security.web.access.intercept.FilterSecurityInterceptor@862624f]
?[0m?[0;34m2023-02-10 09:23:12.059  INFO 121412 --- [         task-1] o.h.e.t.j.p.i.JtaPlatformInitiator       : HHH000490: Using JtaPlatform implementation: [org.hibernate.engine.transaction.jta.platform.internal.NoJtaPlatform]
?[0m?[0;34m2023-02-10 09:23:12.059  INFO 121412 --- [         task-1] j.LocalContainerEntityManagerFactoryBean : Initialized JPA EntityManagerFactory for persistence unit 'default'
?[0m?[0;34m2023-02-10 09:23:12.123  INFO 121412 --- [    Test worker] o.s.b.a.e.web.EndpointLinksResolver      : Exposing 14 endpoint(s) beneath base path '/actuator'
?[0m?[0;34m2023-02-10 09:23:12.131  INFO 121412 --- [    Test worker] o.s.b.w.embedded.tomcat.TomcatWebServer  : Tomcat started on port(s): 28852 (http) with context path ''
?[0m?[0;34m2023-02-10 09:23:12.131  INFO 121412 --- [    Test worker] DeferredRepositoryInitializationListener : Triggering deferred initialization of Spring Data repositoriesâ€¦
?[0m?[0;34m2023-02-10 09:23:12.153  INFO 121412 --- [    Test worker] DeferredRepositoryInitializationListener : Spring Data repositories initialized!
?[0m?[0;34m2023-02-10 09:23:12.158  INFO 121412 --- [    Test worker] account.AccountServiceApplication        : Started AccountServiceApplication in 0.45 seconds (JVM running for 14.742)
?[0m?[1;31m
Start test 29?[0m
?[0;34m2023-02-10 09:23:12.163  INFO 121412 --- [io-28852-exec-1] o.a.c.c.C.[Tomcat].[localhost].[/]       : Initializing Spring DispatcherServlet 'dispatcherServlet'
?[0m?[0;34m2023-02-10 09:23:12.163  INFO 121412 --- [io-28852-exec-1] o.s.web.servlet.DispatcherServlet        : Initializing Servlet 'dispatcherServlet'
?[0m?[0;34m2023-02-10 09:23:12.164  INFO 121412 --- [io-28852-exec-1] o.s.web.servlet.DispatcherServlet        : Completed initialization in 1 ms
]]></system-out>
  <system-err><![CDATA[]]></system-err>
</testsuite>
